0 info it worked if it ends with ok
1 verbose cli [ 'C:\\Program Files\\nodejs\\\\node.exe',
1 verbose cli   'C:\\Program Files\\nodejs\\node_modules\\npm\\bin\\npm-cli.js',
1 verbose cli   'install',
1 verbose cli   'heroku-buildpack-nodejs' ]
2 info using npm@2.11.3
3 info using node@v0.12.7
4 verbose install initial load of C:\NodeEnvironment\DMTools\package.json
5 verbose installManyTop reading scoped package data from C:\NodeEnvironment\DMTools\node_modules\heroku\package.json
6 info package.json heroku@0.1.3 No license field.
7 verbose readDependencies loading dependencies from C:\NodeEnvironment\DMTools\package.json
8 silly cache add args [ 'heroku-buildpack-nodejs', null ]
9 verbose cache add spec heroku-buildpack-nodejs
10 silly cache add parsed spec { raw: 'heroku-buildpack-nodejs',
10 silly cache add   scope: null,
10 silly cache add   name: 'heroku-buildpack-nodejs',
10 silly cache add   rawSpec: '',
10 silly cache add   spec: '*',
10 silly cache add   type: 'range' }
11 silly addNamed heroku-buildpack-nodejs@*
12 verbose addNamed "*" is a valid semver range for heroku-buildpack-nodejs
13 silly addNameRange { name: 'heroku-buildpack-nodejs', range: '*', hasData: false }
14 silly mapToRegistry name heroku-buildpack-nodejs
15 silly mapToRegistry using default registry
16 silly mapToRegistry registry https://registry.npmjs.org/
17 silly mapToRegistry uri https://registry.npmjs.org/heroku-buildpack-nodejs
18 verbose addNameRange registry:https://registry.npmjs.org/heroku-buildpack-nodejs not in flight; fetching
19 verbose request uri https://registry.npmjs.org/heroku-buildpack-nodejs
20 verbose request no auth needed
21 info attempt registry request try #1 at 3:55:04 PM
22 verbose request id 91ddc74493829bc3
23 http request GET https://registry.npmjs.org/heroku-buildpack-nodejs
24 http 404 https://registry.npmjs.org/heroku-buildpack-nodejs
25 verbose headers { 'content-type': 'application/json',
25 verbose headers   'cache-control': 'max-age=0',
25 verbose headers   'content-length': '2',
25 verbose headers   'accept-ranges': 'bytes',
25 verbose headers   date: 'Tue, 29 Sep 2015 20:55:05 GMT',
25 verbose headers   via: '1.1 varnish',
25 verbose headers   age: '0',
25 verbose headers   connection: 'keep-alive',
25 verbose headers   'x-served-by': 'cache-ord1724-ORD',
25 verbose headers   'x-cache': 'MISS',
25 verbose headers   'x-cache-hits': '0',
25 verbose headers   'x-timer': 'S1443560104.996762,VS0,VE42' }
26 silly get cb [ 404,
26 silly get   { 'content-type': 'application/json',
26 silly get     'cache-control': 'max-age=0',
26 silly get     'content-length': '2',
26 silly get     'accept-ranges': 'bytes',
26 silly get     date: 'Tue, 29 Sep 2015 20:55:05 GMT',
26 silly get     via: '1.1 varnish',
26 silly get     age: '0',
26 silly get     connection: 'keep-alive',
26 silly get     'x-served-by': 'cache-ord1724-ORD',
26 silly get     'x-cache': 'MISS',
26 silly get     'x-cache-hits': '0',
26 silly get     'x-timer': 'S1443560104.996762,VS0,VE42' } ]
27 verbose stack Error: Registry returned 404 for GET on https://registry.npmjs.org/heroku-buildpack-nodejs
27 verbose stack     at CachingRegistryClient.<anonymous> (C:\Program Files\nodejs\node_modules\npm\node_modules\npm-registry-client\lib\request.js:239:14)
27 verbose stack     at Request._callback (C:\Program Files\nodejs\node_modules\npm\node_modules\npm-registry-client\lib\request.js:170:14)
27 verbose stack     at Request.self.callback (C:\Program Files\nodejs\node_modules\npm\node_modules\request\request.js:354:22)
27 verbose stack     at Request.emit (events.js:110:17)
27 verbose stack     at Request.<anonymous> (C:\Program Files\nodejs\node_modules\npm\node_modules\request\request.js:1207:14)
27 verbose stack     at Request.emit (events.js:129:20)
27 verbose stack     at IncomingMessage.<anonymous> (C:\Program Files\nodejs\node_modules\npm\node_modules\request\request.js:1153:12)
27 verbose stack     at IncomingMessage.emit (events.js:129:20)
27 verbose stack     at _stream_readable.js:908:16
27 verbose stack     at process._tickCallback (node.js:355:11)
28 verbose statusCode 404
29 verbose pkgid heroku-buildpack-nodejs
30 verbose cwd C:\NodeEnvironment\DMTools
31 error Windows_NT 6.1.7601
32 error argv "C:\\Program Files\\nodejs\\\\node.exe" "C:\\Program Files\\nodejs\\node_modules\\npm\\bin\\npm-cli.js" "install" "heroku-buildpack-nodejs"
33 error node v0.12.7
34 error npm  v2.11.3
35 error code E404
36 error 404 Registry returned 404 for GET on https://registry.npmjs.org/heroku-buildpack-nodejs
36 error 404
36 error 404 'heroku-buildpack-nodejs' is not in the npm registry.
36 error 404 You should bug the author to publish it (or use the name yourself!)
36 error 404
36 error 404 Note that you can also install from a
36 error 404 tarball, folder, http url, or git url.
37 verbose exit [ 1, true ]
